presen-nokey.dvi -> presen-nokey.pdf
[1
** WARNING ** Unparsed material at end of special ignored.

Current input buffer is -->! /landplus90 true store<--
presen.dvi -> presen.pdf
resume.dvi -> resume.pdf
[1[1
** WARNING ** Unparsed material at end of special ignored.

Current input buffer is -->! /landplus90 true store<--

** WARNING ** Unparsed material at end of special ignored.

Current input buffer is -->! /landplus90 true store<--
][2][2][3][3][4][4][5][6][7][2][5][6][7][8][8][9][10][3][9][10][11][11][4][12][13][14][12][13][14][5][6][15][16][17][18][19][20][21][22][23][24][15][16][17][18][19][20][21][22][23][24][25][26][7][25][26][27][27][28][28][8][29][30][31][29][30][31][32][32][33][33][9][34][34][35][35][36]][36]][10]
** WARNING ** UCS-4 TrueType cmap table...

** WARNING ** UCS-4 TrueType cmap table...

** WARNING ** UCS-4 TrueType cmap table...
** WARNING ** UCS-4 TrueType cmap table...

804812 bytes written** WARNING ** UCS-4 TrueType cmap table...
** WARNING ** UCS-4 TrueType cmap table...


810174 bytes written
810739 bytes written

presen.dvi -> presen.pdf
presen-nokey.dvi -> presen-nokey.pdf
[1[1
** WARNING ** Unparsed material at end of special ignored.

Current input buffer is -->! /landplus90 true store<--

** WARNING ** No character mapping available.
 CMap name: EUC-UCS2
 input str: <a2af>

** WARNING ** No character mapping available.
 CMap name: EUC-UCS2
 input str: <98>
][2
** WARNING ** Unparsed material at end of special ignored.

Current input buffer is -->! /landplus90 true store<--

** WARNING ** No character mapping available.
 CMap name: EUC-UCS2
 input str: <a2af>

** WARNING ** No character mapping available.
 CMap name: EUC-UCS2
 input str: <98>
][2][3resume.dvi -> resume.pdf
[1
** WARNING ** Unparsed material at end of special ignored.

Current input buffer is -->! /landplus90 true store<--

** WARNING ** No character mapping available.
 CMap name: EUC-UCS2
 input str: <a2af>

** WARNING ** No character mapping available.
 CMap name: EUC-UCS2
 input str: <98>
][3][4][4][5][6][7][5][6][7][2][8][8][9][10][9][10][3][11][11][12][13][12][13][14][14][15][16][17][18][19][20][21][22][23][24][15][16][17][4][18][19][20][21][22][23][24][25][26][25][26][5][6][27][7][27][28][28][8][9][29][30][31][29][30][31][32][32][33][33][10]
** WARNING ** UCS-4 TrueType cmap table...
][34** WARNING ** UCS-4 TrueType cmap table...

806337 bytes written
][35][36]
** WARNING ** UCS-4 TrueType cmap table...
** WARNING ** UCS-4 TrueType cmap table...
][34
812403 bytes written
][35][36]
** WARNING ** UCS-4 TrueType cmap table...
** WARNING ** UCS-4 TrueType cmap table...

811836 bytes written
presen.dvi -> presen.pdf
[1
** WARNING ** Unparsed material at end of special ignored.

Current input buffer is -->! /landplus90 true store<--

** WARNING ** No character mapping available.
 CMap name: EUC-UCS2
 input str: <a2af>

** WARNING ** No character mapping available.
 CMap name: EUC-UCS2
 input str: <98>
][2presen-nokey.dvi -> presen-nokey.pdf
[1
** WARNING ** Unparsed material at end of special ignored.

Current input buffer is -->! /landplus90 true store<--

** WARNING ** No character mapping available.
 CMap name: EUC-UCS2
 input str: <a2af>

** WARNING ** No character mapping available.
 CMap name: EUC-UCS2
 input str: <98>
][2][3][3resume.dvi -> resume.pdf
[1
** WARNING ** Unparsed material at end of special ignored.

Current input buffer is -->! /landplus90 true store<--

** WARNING ** No character mapping available.
 CMap name: EUC-UCS2
 input str: <a2af>

** WARNING ** No character mapping available.
 CMap name: EUC-UCS2
 input str: <98>
][4][4][5][6][7][5][6][7][8][8][2][9][10][9][10][11][11][12][13][14][3][12][13][14][15][16][17][18][19][20][21][22][23][24][15][16][17][18][19][20][21][22][23][24][25][26][25][26][4][27][27][5][6][7][28][28][8][29][30][31][32][29][30][31][32][33][33][34][9][35][36]][34
** WARNING ** UCS-4 TrueType cmap table...
** WARNING ** UCS-4 TrueType cmap table...

812386 bytes written
][35][36]
** WARNING ** UCS-4 TrueType cmap table...
** WARNING ** UCS-4 TrueType cmap table...

811830 bytes written
][10]
** WARNING ** UCS-4 TrueType cmap table...
** WARNING ** UCS-4 TrueType cmap table...

806338 bytes written
presen-nokey.dvi -> presen-nokey.pdf
[1
** WARNING ** Unparsed material at end of special ignored.

Current input buffer is -->! /landplus90 true store<--

** WARNING ** No character mapping available.
 CMap name: EUC-UCS2
 input str: <a2af>

** WARNING ** No character mapping available.
 CMap name: EUC-UCS2
 input str: <98>
][2resume.dvi -> resume.pdf
[1
** WARNING ** Unparsed material at end of special ignored.

Current input buffer is -->! /landplus90 true store<--

** WARNING ** No character mapping available.
 CMap name: EUC-UCS2
 input str: <a2af>

** WARNING ** No character mapping available.
 CMap name: EUC-UCS2
 input str: <98>
][3presen.dvi -> presen.pdf
[1
** WARNING ** Unparsed material at end of special ignored.

Current input buffer is -->! /landplus90 true store<--

** WARNING ** No character mapping available.
 CMap name: EUC-UCS2
 input str: <a2af>

** WARNING ** No character mapping available.
 CMap name: EUC-UCS2
 input str: <98>
][2][4][3][5][6][7][4][2][8][5][6][7][9][10][8][11][3][12][9][13][10][14][15][16][17][18][19][20][21][22][23][24][25][26][11][27][4][5][6][28][12][13][14][15][16][17][18][19][20][21][22][23][24][7][25][26][27][29][30][31][32][8][33][28][34][29][30][31][35][36]
** WARNING ** UCS-4 TrueType cmap table...
** WARNING ** UCS-4 TrueType cmap table...

812107 bytes written
][32][9][33][34][35][36]
** WARNING ** UCS-4 TrueType cmap table...
** WARNING ** UCS-4 TrueType cmap table...
]
[10812697 bytes written]

** WARNING ** UCS-4 TrueType cmap table...
** WARNING ** UCS-4 TrueType cmap table...

806619 bytes written
presen-nokey.dvi -> presen-nokey.pdf
presen.dvi -> presen.pdf
[1resume.dvi -> resume.pdf

** WARNING ** Unparsed material at end of special ignored.

Current input buffer is -->! /landplus90 true store<--

** WARNING ** No character mapping available.
 CMap name: EUC-UCS2
 input str: <a2af>

** WARNING ** No character mapping available.
 CMap name: EUC-UCS2
 input str: <98>
[1
** WARNING ** Unparsed material at end of special ignored.

Current input buffer is -->! /landplus90 true store<--

** WARNING ** No character mapping available.
 CMap name: EUC-UCS2
 input str: <a2af>

** WARNING ** No character mapping available.
 CMap name: EUC-UCS2
 input str: <98>
[1
** WARNING ** Unparsed material at end of special ignored.

Current input buffer is -->! /landplus90 true store<--

** WARNING ** No character mapping available.
 CMap name: EUC-UCS2
 input str: <a2af>

** WARNING ** No character mapping available.
 CMap name: EUC-UCS2
 input str: <98>
][2][2][3][3][4][4][5][6][7][5][6][7][2][8][8][9][10][3][9][10][11][11][12][13][14][4][12][13][14][15][16][17][18][19][20][21][22][23][24][5][6][25][26][15][16][17][18][19][20][21][22][23][24][7][25][26][27][27][28][8][28][29][30][31][32][9][33][29][30][31][32][33][34][34][10][35][35]
** WARNING ** PDF destination "subsection.20.1" not defined.
** WARNING ** PDF destination "subsection.20.2" not defined.
** WARNING ** PDF destination "subsection.20.3" not defined.
** WARNING ** UCS-4 TrueType cmap table...
** WARNING ** UCS-4 TrueType cmap table...

814842 bytes written
][36][37]
** WARNING ** PDF destination "subsection.20.1" not defined.
** WARNING ** PDF destination "subsection.20.2" not defined.
** WARNING ** PDF destination "subsection.20.3" not defined.
** WARNING ** UCS-4 TrueType cmap table...
** WARNING ** UCS-4 TrueType cmap table...

820964 bytes written
][36][37]
** WARNING ** PDF destination "subsection.20.1" not defined.
** WARNING ** PDF destination "subsection.20.2" not defined.
** WARNING ** PDF destination "subsection.20.3" not defined.
** WARNING ** UCS-4 TrueType cmap table...
** WARNING ** UCS-4 TrueType cmap table...

820360 bytes written
resume.dvi -> resume.pdf
presen-nokey.dvi -> presen-nokey.pdf
[1
** WARNING ** Unparsed material at end of special ignored.

Current input buffer is -->! /landplus90 true store<--
[1
** WARNING ** No character mapping available.
 CMap name: EUC-UCS2
 input str: <a2af>

** WARNING ** No character mapping available.
 CMap name: EUC-UCS2
 input str: <98>
][2
** WARNING ** Unparsed material at end of special ignored.

Current input buffer is -->! /landplus90 true store<--

** WARNING ** No character mapping available.
 CMap name: EUC-UCS2
 input str: <a2af>

** WARNING ** No character mapping available.
 CMap name: EUC-UCS2
 input str: <98>
presen.dvi -> presen.pdf
[1
** WARNING ** Unparsed material at end of special ignored.

Current input buffer is -->! /landplus90 true store<--

** WARNING ** No character mapping available.
 CMap name: EUC-UCS2
 input str: <a2af>

** WARNING ** No character mapping available.
 CMap name: EUC-UCS2
 input str: <98>
][2][3][3][4][4][5][6][7][5][6][7][2][8][8][9][10][11][12][13][14][9][10][15][16][17][18][19][20][21][22][23][24][11][3][25][26][12][13][14][15][16][17][18][19][20][21][22][23][24][27][25][26][27][28][4][28][5][6][29][30][31][32][7][33][29][30][31][32][34][33][35][34][8][36][37]
** WARNING ** UCS-4 TrueType cmap table...
** WARNING ** UCS-4 TrueType cmap table...

821569 bytes written
][35][36][37]
** WARNING ** UCS-4 TrueType cmap table...
** WARNING ** UCS-4 TrueType cmap table...

820962 bytes written
][9][10]
** WARNING ** UCS-4 TrueType cmap table...
** WARNING ** UCS-4 TrueType cmap table...

815150 bytes written
presen-nokey.dvi -> presen-nokey.pdf
[1
** WARNING ** Unparsed material at end of special ignored.

Current input buffer is -->! /landplus90 true store<--

** WARNING ** No character mapping available.
 CMap name: EUC-UCS2
 input str: <a2af>

** WARNING ** No character mapping available.
 CMap name: EUC-UCS2
 input str: <98>
][2resume.dvi -> resume.pdf
presen.dvi -> presen.pdf
[1[1
** WARNING ** Unparsed material at end of special ignored.

Current input buffer is -->! /landplus90 true store<--

** WARNING ** No character mapping available.
 CMap name: EUC-UCS2
 input str: <a2af>

** WARNING ** No character mapping available.
 CMap name: EUC-UCS2
 input str: <98>

** WARNING ** Unparsed material at end of special ignored.

Current input buffer is -->! /landplus90 true store<--

** WARNING ** No character mapping available.
 CMap name: EUC-UCS2
 input str: <a2af>

** WARNING ** No character mapping available.
 CMap name: EUC-UCS2
 input str: <98>
][2][3][3][4][4][2][5][6][7][5][6][7][8][8][3][9][10][9][10][11][12][13][14][11][15][16][17][18][19][20][21][22][23][24][25][26][27][12][13][14][15][16][17][18][19][20][21][22][23][24][25][26][4][28][27][5][6][7][29][30][31][32][33][8][28][34][35][36][37]
** WARNING ** UCS-4 TrueType cmap table...
** WARNING ** UCS-4 TrueType cmap table...

827099 bytes written
][29][30][31][32][33][9][34][10][35][36][37]
** WARNING ** UCS-4 TrueType cmap table...
** WARNING ** UCS-4 TrueType cmap table...

826498 bytes written
][11]
** WARNING ** UCS-4 TrueType cmap table...
** WARNING ** UCS-4 TrueType cmap table...

821046 bytes written
presen.dvi -> presen.pdf
[1
** WARNING ** Unparsed material at end of special ignored.

Current input buffer is -->! /landplus90 true store<--

** WARNING ** No character mapping available.
 CMap name: EUC-UCS2
 input str: <a2af>

** WARNING ** No character mapping available.
 CMap name: EUC-UCS2
 input str: <98>
presen-nokey.dvi -> presen-nokey.pdf
resume.dvi -> resume.pdf
][2[1
** WARNING ** Unparsed material at end of special ignored.

Current input buffer is -->! /landplus90 true store<--

** WARNING ** No character mapping available.
 CMap name: EUC-UCS2
 input str: <a2af>

** WARNING ** No character mapping available.
 CMap name: EUC-UCS2
 input str: <98>
[1][2
** WARNING ** Unparsed material at end of special ignored.

Current input buffer is -->! /landplus90 true store<--

** WARNING ** No character mapping available.
 CMap name: EUC-UCS2
 input str: <a2af>

** WARNING ** No character mapping available.
 CMap name: EUC-UCS2
 input str: <98>
][3][3][4][5][6][7][4][5][6][7][2][8][8][9][10][9][10][11][11][3][12][13][14][12][13][14][15][16][17][18][19][20][21][22][23][24][25][26][15][16][17][18][19][20][21][22][23][24][25][27][26][4][28][27][5][6][7][29][30][31][32][33][8][28][34][35][36][37]
** WARNING ** UCS-4 TrueType cmap table...
** WARNING ** UCS-4 TrueType cmap table...

1019945 bytes written
][29][30][31][32][33][9][34][35][10][36][37]
** WARNING ** UCS-4 TrueType cmap table...
** WARNING ** UCS-4 TrueType cmap table...

1019627 bytes written
][11]
** WARNING ** UCS-4 TrueType cmap table...
** WARNING ** UCS-4 TrueType cmap table...

1013843 bytes written
presen-nokey.dvi -> presen-nokey.pdf
[1
** WARNING ** Unparsed material at end of special ignored.

Current input buffer is -->! /landplus90 true store<--

** WARNING ** No character mapping available.
 CMap name: EUC-UCS2
 input str: <a2af>

** WARNING ** No character mapping available.
 CMap name: EUC-UCS2
 input str: <98>
][2resume.dvi -> resume.pdf
[1
** WARNING ** Unparsed material at end of special ignored.

Current input buffer is -->! /landplus90 true store<--

** WARNING ** No character mapping available.
 CMap name: EUC-UCS2
 input str: <a2af>

** WARNING ** No character mapping available.
 CMap name: EUC-UCS2
 input str: <98>
presen.dvi -> presen.pdf
[1
** WARNING ** Unparsed material at end of special ignored.

Current input buffer is -->! /landplus90 true store<--

** WARNING ** No character mapping available.
 CMap name: EUC-UCS2
 input str: <a2af>

** WARNING ** No character mapping available.
 CMap name: EUC-UCS2
 input str: <98>
][2][3][3][4][4][2][5][6][7][5][6][7][8][8][3][9][10][9][10][11][4][12][13][14][5][6][7][15][16][17][11][18][19][20][21][22][23][24][25][26][8][12][13][14][27][15][16][17][18][19][20][21][22][23][24][25][26][28][27][29][9][30][31][32][33][28][34][10][35][36][37]
** WARNING ** UCS-4 TrueType cmap table...
** WARNING ** UCS-4 TrueType cmap table...

1022538 bytes written
][29][30][31][32][11]][33
** WARNING ** UCS-4 TrueType cmap table...
** WARNING ** UCS-4 TrueType cmap table...

1016950 bytes written
][34][35][36][37]
** WARNING ** UCS-4 TrueType cmap table...
** WARNING ** UCS-4 TrueType cmap table...

1022966 bytes written
presen.dvi -> presen.pdf
[1
** WARNING ** Unparsed material at end of special ignored.

Current input buffer is -->! /landplus90 true store<--

** WARNING ** No character mapping available.
 CMap name: EUC-UCS2
 input str: <a2af>

** WARNING ** No character mapping available.
 CMap name: EUC-UCS2
 input str: <98>
][2presen-nokey.dvi -> presen-nokey.pdf
[1
** WARNING ** Unparsed material at end of special ignored.

Current input buffer is -->! /landplus90 true store<--

** WARNING ** No character mapping available.
 CMap name: EUC-UCS2
 input str: <a2af>

** WARNING ** No character mapping available.
 CMap name: EUC-UCS2
 input str: <98>
][2resume.dvi -> resume.pdf
[1
** WARNING ** Unparsed material at end of special ignored.

Current input buffer is -->! /landplus90 true store<--

** WARNING ** No character mapping available.
 CMap name: EUC-UCS2
 input str: <a2af>

** WARNING ** No character mapping available.
 CMap name: EUC-UCS2
 input str: <98>
][3][3][4][5][6][7][4][8][5][6][7][9][10][2][11][8][12][13][14][15][16][17][18][19][20][21][22][23][24][25][26][9][10][3][27][11][12][13][14][4][28][5][6][15][16][17][7][18][19][20][21][22][23][24][25][29][26][27][8][30][31][32][33][34][28][35][29][36][37]
** WARNING ** UCS-4 TrueType cmap table...
** WARNING ** UCS-4 TrueType cmap table...

1023038 bytes written
][30][31][32][33][9][34][35][10][36][37]
** WARNING ** UCS-4 TrueType cmap table...
** WARNING ** UCS-4 TrueType cmap table...

1022634 bytes written
][11]
** WARNING ** UCS-4 TrueType cmap table...
** WARNING ** UCS-4 TrueType cmap table...

1017031 bytes written
presen-nokey.dvi -> presen-nokey.pdf
[1
** WARNING ** Unparsed material at end of special ignored.

Current input buffer is -->! /landplus90 true store<--

** WARNING ** No character mapping available.
 CMap name: EUC-UCS2
 input str: <a2af>

** WARNING ** No character mapping available.
 CMap name: EUC-UCS2
 input str: <98>
][2][3][4][5][6][7][8][9][10][11][12][13][14][15][16][17][18][19][20][21][22][23][24][25][26][27][28][29][30][31][32][33][34][35][36][37]
** WARNING ** PDF destination "subsection.21.3" not defined.
** WARNING ** UCS-4 TrueType cmap table...
** WARNING ** UCS-4 TrueType cmap table...

1035447 bytes written
presen-nokey.dvi -> presen-nokey.pdf
[1
** WARNING ** Unparsed material at end of special ignored.

Current input buffer is -->! /landplus90 true store<--

** WARNING ** No character mapping available.
 CMap name: EUC-UCS2
 input str: <a2af>

** WARNING ** No character mapping available.
 CMap name: EUC-UCS2
 input str: <98>
][2][3][4][5][6][7][8][9][10][11][12][13][14][15][16][17][18][19][20][21][22][23][24][25][26][27][28][29][30][31][32][33][34][35][36][37]
** WARNING ** UCS-4 TrueType cmap table...
** WARNING ** UCS-4 TrueType cmap table...

1035507 bytes written
presen-nokey.dvi -> presen-nokey.pdf
[1
** WARNING ** Unparsed material at end of special ignored.

Current input buffer is -->! /landplus90 true store<--

** WARNING ** No character mapping available.
 CMap name: EUC-UCS2
 input str: <a2af>

** WARNING ** No character mapping available.
 CMap name: EUC-UCS2
 input str: <98>
][2][3][4][5][6][7][8][9][10][11][12][13][14][15][16][17][18][19][20][21][22][23][24][25][26][27][28][29][30][31][32][33][34][35][36][37]
** WARNING ** UCS-4 TrueType cmap table...
** WARNING ** UCS-4 TrueType cmap table...

1035509 bytes written
presen-nokey.dvi -> presen-nokey.pdf
[1
** WARNING ** Unparsed material at end of special ignored.

Current input buffer is -->! /landplus90 true store<--

** WARNING ** No character mapping available.
 CMap name: EUC-UCS2
 input str: <a2af>

** WARNING ** No character mapping available.
 CMap name: EUC-UCS2
 input str: <98>
][2][3][4][5][6][7][8][9][10][11][12][13][14][15][16][17][18][19][20][21][22][23][24][25][26][27][28][29][30][31][32][33][34][35][36][37]
** WARNING ** UCS-4 TrueType cmap table...
** WARNING ** UCS-4 TrueType cmap table...

1035521 bytes written
presen-nokey.dvi -> presen-nokey.pdf
[1
** WARNING ** Unparsed material at end of special ignored.

Current input buffer is -->! /landplus90 true store<--

** WARNING ** No character mapping available.
 CMap name: EUC-UCS2
 input str: <a2af>

** WARNING ** No character mapping available.
 CMap name: EUC-UCS2
 input str: <98>
][2][3][4][5][6][7][8][9][10][11][12][13][14][15][16][17][18][19][20][21][22][23][24][25][26][27][28][29][30][31][32][33][34][35][36][37]
** WARNING ** UCS-4 TrueType cmap table...
** WARNING ** UCS-4 TrueType cmap table...

1035519 bytes written
presen-nokey.dvi -> presen-nokey.pdf
[1